#
# A fatal error has been detected by the Java Runtime Environment:
#
#  EXCEPTION_ACCESS_VIOLATION (0xc0000005) at pc=0x0000000180003ae0, pid=17492, tid=0x00000000000046c8
#
# JRE version: Java(TM) SE Runtime Environment (8.0_231-b11) (build 1.8.0_231-b11)
# Java VM: Java HotSpot(TM) 64-Bit Server VM (25.231-b11 mixed mode windows-amd64 compressed oops)
# Problematic frame:
# C  0x0000000180003ae0
#
# Failed to write core dump. Minidumps are not enabled by default on client versions of Windows
#
# If you would like to submit a bug report, please visit:
#   http://bugreport.java.com/bugreport/crash.jsp
# The crash happened outside the Java Virtual Machine in native code.
# See problematic frame for where to report the bug.
#

---------------  T H R E A D  ---------------

Current thread (0x000000001dac4000):  JavaThread "HIDCommandExecutionQueue.executor pool-5-thread-1" daemon [_thread_in_native, id=18120, stack(0x000000001fe30000,0x000000001ff30000)]

siginfo: ExceptionCode=0xc0000005, ExceptionInformation=0x0000000000000008 0x0000000180003ae0

Registers:
RAX=0x0000000180003ae0, RBX=0x000000001fa7f298, RCX=0x000000001dac41f8, RDX=0x000000001ff2eb20
RSP=0x000000001ff2ea98, RBP=0x000000001ff2eb10, RSI=0x0000000060200021, RDI=0x0000000000000202
R8 =0x0000000000000004, R9 =0x00000000e113f688, R10=0x00000000025285fb, R11=0x000000006aeacf70
R12=0x0000000000000000, R13=0x000000001fa7f298, R14=0x000000001ff2eb38, R15=0x000000001dac4000
RIP=0x0000000180003ae0, EFLAGS=0x0000000000010202

Top of Stack: (sp=0x000000001ff2ea98)
0x000000001ff2ea98:   0000000002528627 0000000000000000
0x000000001ff2eaa8:   0000000000000000 000000001ff2eb20
0x000000001ff2eab8:   0000000002517b30 00000000e14106e0
0x000000001ff2eac8:   0000000002517b30 000000001ff2ead0
0x000000001ff2ead8:   0000000000000000 000000001ff2eb38
0x000000001ff2eae8:   000000001fb48a30 0000000000000000
0x000000001ff2eaf8:   000000001fa7f298 0000000000000000
0x000000001ff2eb08:   000000001ff2eb30 000000001ff2eb88
0x000000001ff2eb18:   0000000002517e70 00000000e113f748
0x000000001ff2eb28:   00000000025221d7 0000000000000004
0x000000001ff2eb38:   0000000000000004 00000000e14106e0
0x000000001ff2eb48:   000000001ff2eb48 000000001fa7cdab
0x000000001ff2eb58:   000000001ff2eba8 000000001fb48a30
0x000000001ff2eb68:   0000000000000000 000000001fa7ce08
0x000000001ff2eb78:   000000001ff2eb30 000000001ff2eb98
0x000000001ff2eb88:   000000001ff2ec00 000000000251835d 

Instructions: (pc=0x0000000180003ae0)
0x0000000180003ac0:   
[error occurred during error reporting (printing registers, top of stack, instructions near pc), id 0xc0000005]

Register to memory mapping:

RAX=0x0000000180003ae0 is an unknown value
RBX={method} {0x000000001fa7f2a0} 'malloc' '(J)J' in 'com/sun/jna/Memory'
RCX=0x000000001dac41f8 is an unknown value
RDX=0x000000001ff2eb20 is pointing into the stack for thread: 0x000000001dac4000
RSP=0x000000001ff2ea98 is pointing into the stack for thread: 0x000000001dac4000
RBP=0x000000001ff2eb10 is pointing into the stack for thread: 0x000000001dac4000
RSI=0x0000000060200021 is an unknown value
RDI=0x0000000000000202 is an unknown value
R8 =0x0000000000000004 is an unknown value
R9 =0x00000000e113f688 is an oop
java.lang.Class 
 - klass: 'java/lang/Class'
R10=0x00000000025285fb is at code_begin+891 in an Interpreter codelet
method entry point (kind = native)  [0x0000000002528280, 0x0000000002528c40]  2496 bytes
R11=0x000000006aeacf70 is an unknown value
R12=0x0000000000000000 is an unknown value
R13={method} {0x000000001fa7f2a0} 'malloc' '(J)J' in 'com/sun/jna/Memory'
R14=0x000000001ff2eb38 is pointing into the stack for thread: 0x000000001dac4000
R15=0x000000001dac4000 is a thread


Stack: [0x000000001fe30000,0x000000001ff30000],  sp=0x000000001ff2ea98,  free space=1018k
Native frames: (J=compiled Java code, j=interpreted, Vv=VM code, C=native code)
C  0x0000000180003ae0

Java frames: (J=compiled Java code, j=interpreted, Vv=VM code)
j  com.sun.jna.Memory.malloc(J)J+0
j  com.sun.jna.Memory.<init>(J)V+27
j  com.sun.jna.ptr.ByReference.<init>(I)V+11
j  com.sun.jna.ptr.IntByReference.<init>(I)V+2
j  com.sun.jna.ptr.IntByReference.<init>()V+2
j  edu.cmu.ri.createlab.usb.hid.windows.WindowsHIDDevice.write([B)Ledu/cmu/ri/createlab/usb/hid/HIDWriteStatus;+181
j  edu.cmu.ri.createlab.usb.hid.CreateLabHIDCommandStrategy.execute(Ledu/cmu/ri/createlab/usb/hid/HIDDevice;)Ledu/cmu/ri/createlab/usb/hid/HIDCommandResponse;+15
j  edu.cmu.ri.createlab.usb.hid.CreateLabHIDCommandStrategy.execute(Ljava/lang/Object;)Ledu/cmu/ri/createlab/util/commandexecution/CommandResponse;+5
j  edu.cmu.ri.createlab.usb.hid.HIDCommand.call()Ledu/cmu/ri/createlab/usb/hid/HIDCommandResponse;+8
j  edu.cmu.ri.createlab.usb.hid.HIDCommand.call()Ljava/lang/Object;+1
j  java.util.concurrent.FutureTask.run()V+42
j  java.util.concurrent.ThreadPoolExecutor.runWorker(Ljava/util/concurrent/ThreadPoolExecutor$Worker;)V+95
j  java.util.concurrent.ThreadPoolExecutor$Worker.run()V+5
j  java.lang.Thread.run()V+11
v  ~StubRoutines::call_stub

---------------  P R O C E S S  ---------------

Java Threads: ( => current thread )
  0x000000001dabe000 JavaThread "AWT-Shutdown" [_thread_blocked, id=12520, stack(0x0000000022b60000,0x0000000022c60000)]
  0x000000001dac4800 JavaThread "Thread-0" daemon [_thread_in_native, id=2956, stack(0x0000000022960000,0x0000000022a60000)]
  0x000000001dac1000 JavaThread "TimerQueue" daemon [_thread_blocked, id=7024, stack(0x0000000020560000,0x0000000020660000)]
=>0x000000001dac4000 JavaThread "HIDCommandExecutionQueue.executor pool-5-thread-1" daemon [_thread_in_native, id=18120, stack(0x000000001fe30000,0x000000001ff30000)]
  0x000000001dac0000 JavaThread "FinchController.peerPingScheduler pool-6-thread-1" daemon [_thread_blocked, id=5168, stack(0x000000001fd30000,0x000000001fe30000)]
  0x000000001d90d800 JavaThread "BaseCreateLabDeviceConnectivityManager.executorService pool-1-thread-1" daemon [_thread_blocked, id=2856, stack(0x000000001f970000,0x000000001fa70000)]
  0x000000001d8fb000 JavaThread "DatasetPlotter.executorService pool-4-thread-1" daemon [_thread_blocked, id=4680, stack(0x000000001f770000,0x000000001f870000)]
  0x000000001d8fa800 JavaThread "DatasetPlotter.executorService pool-3-thread-1" daemon [_thread_blocked, id=1516, stack(0x000000001f670000,0x000000001f770000)]
  0x000000001d89d000 JavaThread "DatasetPlotter.executorService pool-2-thread-1" daemon [_thread_blocked, id=16404, stack(0x000000001f570000,0x000000001f670000)]
  0x000000000240d800 JavaThread "DestroyJavaVM" [_thread_blocked, id=9708, stack(0x0000000002240000,0x0000000002340000)]
  0x0000000017ac4800 JavaThread "Java2D Disposer" daemon [_thread_blocked, id=13932, stack(0x0000000017fd0000,0x00000000180d0000)]
  0x0000000015e2e000 JavaThread "Service Thread" daemon [_thread_blocked, id=13280, stack(0x0000000017b30000,0x0000000017c30000)]
  0x0000000015ddb800 JavaThread "C1 CompilerThread2" daemon [_thread_blocked, id=7544, stack(0x0000000017630000,0x0000000017730000)]
  0x0000000015dd7000 JavaThread "C2 CompilerThread1" daemon [_thread_blocked, id=4596, stack(0x0000000017530000,0x0000000017630000)]
  0x0000000015dcf800 JavaThread "C2 CompilerThread0" daemon [_thread_blocked, id=2092, stack(0x0000000017430000,0x0000000017530000)]
  0x0000000015dcb800 JavaThread "Attach Listener" daemon [_thread_blocked, id=17096, stack(0x0000000017330000,0x0000000017430000)]
  0x0000000015dca000 JavaThread "Signal Dispatcher" daemon [_thread_blocked, id=10400, stack(0x0000000017230000,0x0000000017330000)]
  0x000000000250b000 JavaThread "Finalizer" daemon [_thread_blocked, id=12160, stack(0x0000000017030000,0x0000000017130000)]
  0x0000000002500000 JavaThread "Reference Handler" daemon [_thread_blocked, id=14912, stack(0x0000000016f30000,0x0000000017030000)]

Other Threads:
  0x0000000015d97800 VMThread [stack: 0x0000000016e30000,0x0000000016f30000] [id=6644]
  0x0000000017762800 WatcherThread [stack: 0x0000000017c30000,0x0000000017d30000] [id=1008]

VM state:not at safepoint (normal execution)

VM Mutex/Monitor currently owned by a thread: None

heap address: 0x00000000a1400000, size: 1516 MB, Compressed Oops mode: 32-bit
Narrow klass base: 0x0000000000000000, Narrow klass shift: 3
Compressed class space size: 1073741824 Address: 0x0000000100000000

Heap:
 PSYoungGen      total 28672K, used 23054K [0x00000000e0700000, 0x00000000e2700000, 0x0000000100000000)
  eden space 24576K, 93% used [0x00000000e0700000,0x00000000e1d83808,0x00000000e1f00000)
  from space 4096K, 0% used [0x00000000e2300000,0x00000000e2300000,0x00000000e2700000)
  to   space 4096K, 0% used [0x00000000e1f00000,0x00000000e1f00000,0x00000000e2300000)
 ParOldGen       total 65536K, used 0K [0x00000000a1400000, 0x00000000a5400000, 0x00000000e0700000)
  object space 65536K, 0% used [0x00000000a1400000,0x00000000a1400000,0x00000000a5400000)
 Metaspace       used 16478K, capacity 16722K, committed 16896K, reserved 1064960K
  class space    used 2183K, capacity 2259K, committed 2304K, reserved 1048576K

Card table byte_map: [0x00000000118d0000,0x0000000011bd0000] byte_map_base: 0x00000000113c6000

Marking Bits: (ParMarkBitMap*) 0x000000006b4a6d90
 Begin Bits: [0x00000000121d0000, 0x0000000013980000)
 End Bits:   [0x0000000013980000, 0x0000000015130000)

Polling page: 0x0000000000670000

CodeCache: size=245760Kb used=5210Kb max_used=5219Kb free=240549Kb
 bounds [0x0000000002510000, 0x0000000002a40000, 0x0000000011510000]
 total_blobs=2109 nmethods=1557 adapters=464
 compilation: enabled

Compilation events (10 events):
Event: 68.809 Thread 0x0000000015ddb800 1622       1       edu.cmu.ri.createlab.usb.hid.windows.WindowsHIDDevice::isReportIDIncludedInReadData (2 bytes)
Event: 68.809 Thread 0x0000000015ddb800 nmethod 1622 0x00000000027f4450 code [0x00000000027f45a0, 0x00000000027f46b0]
Event: 68.809 Thread 0x0000000015ddb800 1623       1       edu.cmu.ri.createlab.usb.hid.HIDWriteStatus::wasSuccessful (5 bytes)
Event: 68.809 Thread 0x0000000015ddb800 nmethod 1623 0x00000000026f3890 code [0x00000000026f39e0, 0x00000000026f3af0]
Event: 74.452 Thread 0x0000000015ddb800 1624       3       java.util.Locale::equals (75 bytes)
Event: 74.452 Thread 0x0000000015ddb800 nmethod 1624 0x00000000026a58d0 code [0x00000000026a5a80, 0x00000000026a62b8]
Event: 74.456 Thread 0x0000000015dcf800 1625       4       java.lang.ref.SoftReference::get (29 bytes)
Event: 74.457 Thread 0x0000000015dcf800 nmethod 1625 0x00000000026a55d0 code [0x00000000026a5700, 0x00000000026a57b8]
Event: 74.458 Thread 0x0000000015ddb800 1626       3       sun.util.locale.BaseLocale::hashCode (63 bytes)
Event: 74.459 Thread 0x0000000015ddb800 nmethod 1626 0x0000000002a302d0 code [0x0000000002a30460, 0x0000000002a30938]

GC Heap History (0 events):
No events

Deoptimization events (10 events):
Event: 3.326 Thread 0x000000001d90d800 Uncommon trap: reason=bimorphic action=maybe_recompile pc=0x000000000278e03c method=java.util.HashMap.putVal(ILjava/lang/Object;Ljava/lang/Object;ZZ)Ljava/lang/Object; @ 91
Event: 3.326 Thread 0x000000001d90d800 Uncommon trap: reason=bimorphic action=maybe_recompile pc=0x000000000278e03c method=java.util.HashMap.putVal(ILjava/lang/Object;Ljava/lang/Object;ZZ)Ljava/lang/Object; @ 91
Event: 3.493 Thread 0x000000001d781000 Uncommon trap: reason=unstable_if action=reinterpret pc=0x00000000027cf454 method=sun.misc.MetaIndex.mayContain(Ljava/lang/String;)Z @ 38
Event: 6.089 Thread 0x000000001d781000 Uncommon trap: reason=class_check action=maybe_recompile pc=0x0000000002686360 method=java.lang.String.equals(Ljava/lang/Object;)Z @ 8
Event: 6.089 Thread 0x000000001d781000 Uncommon trap: reason=class_check action=maybe_recompile pc=0x0000000002686360 method=java.lang.String.equals(Ljava/lang/Object;)Z @ 8
Event: 6.089 Thread 0x000000001d781000 Uncommon trap: reason=class_check action=maybe_recompile pc=0x0000000002686360 method=java.lang.String.equals(Ljava/lang/Object;)Z @ 8
Event: 6.138 Thread 0x000000001d781000 Uncommon trap: reason=class_check action=maybe_recompile pc=0x0000000002686360 method=java.lang.String.equals(Ljava/lang/Object;)Z @ 8
Event: 9.950 Thread 0x000000001d781000 Uncommon trap: reason=unstable_if action=reinterpret pc=0x000000000270fea4 method=java.lang.String.<init>([CII)V @ 18
Event: 74.460 Thread 0x000000001d781000 Uncommon trap: reason=unstable_if action=reinterpret pc=0x000000000295ac70 method=sun.awt.AWTAutoShutdown.isReadyToShutdown()Z @ 16
Event: 74.460 Thread 0x0000000017ac5800 Uncommon trap: reason=unstable_if action=reinterpret pc=0x00000000029849bc method=sun.awt.AWTAutoShutdown.isReadyToShutdown()Z @ 16

Classes redefined (0 events):
No events

Internal exceptions (10 events):
Event: 2.959 Thread 0x000000001d781000 Exception <a 'java/lang/ArrayIndexOutOfBoundsException': 18> (0x00000000e0e4e918) thrown at [C:\re\workspace\8-2-build-windows-amd64-cygwin\jdk8u231\13620\hotspot\src\share\vm\interpreter\interpreterRuntime.cpp, line 368]
Event: 2.959 Thread 0x000000001d781000 Exception <a 'java/lang/ArrayIndexOutOfBoundsException': 22> (0x00000000e0e51e60) thrown at [C:\re\workspace\8-2-build-windows-amd64-cygwin\jdk8u231\13620\hotspot\src\share\vm\interpreter\interpreterRuntime.cpp, line 368]
Event: 2.960 Thread 0x000000001d781000 Exception <a 'java/lang/ArrayIndexOutOfBoundsException': 160> (0x00000000e0e54420) thrown at [C:\re\workspace\8-2-build-windows-amd64-cygwin\jdk8u231\13620\hotspot\src\share\vm\interpreter\interpreterRuntime.cpp, line 368]
Event: 2.962 Thread 0x000000001d781000 Exception <a 'java/lang/ClassNotFoundException': org/apache/log4j/AppenderSkeletonCustomizer> (0x00000000e0e5aae8) thrown at [C:\re\workspace\8-2-build-windows-amd64-cygwin\jdk8u231\13620\hotspot\src\share\vm\classfile\systemDictionary.cpp, line 210]
Event: 2.965 Thread 0x000000001d781000 Exception <a 'java/lang/ClassNotFoundException': org/apache/log4j/WriterAppenderCustomizer> (0x00000000e0e7c778) thrown at [C:\re\workspace\8-2-build-windows-amd64-cygwin\jdk8u231\13620\hotspot\src\share\vm\classfile\systemDictionary.cpp, line 210]
Event: 2.967 Thread 0x000000001d781000 Exception <a 'java/lang/ClassNotFoundException': org/apache/log4j/FileAppenderCustomizer> (0x00000000e0e8d918) thrown at [C:\re\workspace\8-2-build-windows-amd64-cygwin\jdk8u231\13620\hotspot\src\share\vm\classfile\systemDictionary.cpp, line 210]
Event: 2.976 Thread 0x000000001d781000 Exception <a 'java/lang/ClassNotFoundException': org/apache/log4j/PatternLayoutBeanInfo> (0x00000000e0edc1e0) thrown at [C:\re\workspace\8-2-build-windows-amd64-cygwin\jdk8u231\13620\hotspot\src\share\vm\classfile\systemDictionary.cpp, line 210]
Event: 2.976 Thread 0x000000001d781000 Exception <a 'java/lang/ClassNotFoundException': org/apache/log4j/LayoutBeanInfo> (0x00000000e0edfec8) thrown at [C:\re\workspace\8-2-build-windows-amd64-cygwin\jdk8u231\13620\hotspot\src\share\vm\classfile\systemDictionary.cpp, line 210]
Event: 2.976 Thread 0x000000001d781000 Exception <a 'java/lang/ClassNotFoundException': org/apache/log4j/LayoutCustomizer> (0x00000000e0ee3df0) thrown at [C:\re\workspace\8-2-build-windows-amd64-cygwin\jdk8u231\13620\hotspot\src\share\vm\classfile\systemDictionary.cpp, line 210]
Event: 2.977 Thread 0x000000001d781000 Exception <a 'java/lang/ClassNotFoundException': org/apache/log4j/PatternLayoutCustomizer> (0x00000000e0eecb10) thrown at [C:\re\workspace\8-2-build-windows-amd64-cygwin\jdk8u231\13620\hotspot\src\share\vm\classfile\systemDictionary.cpp, line 210]

Events (10 events):
Event: 75.465 Thread 0x000000001dac2800 Thread added: 0x000000001dac2800
Event: 75.465 Thread 0x000000001dac4800 Thread added: 0x000000001dac4800
Event: 75.465 Thread 0x000000001dac1800 Thread added: 0x000000001dac1800
Event: 75.466 Thread 0x0000000017ac5000 Thread exited: 0x0000000017ac5000
Event: 75.469 Thread 0x000000001dac2800 Thread exited: 0x000000001dac2800
Event: 75.470 Thread 0x000000001dabe000 Thread added: 0x000000001dabe000
Event: 75.470 Thread 0x000000001d856800 Thread exited: 0x000000001d856800
Event: 75.471 Thread 0x000000001dac1800 Thread exited: 0x000000001dac1800
Event: 75.472 loading class sun/java2d/pipe/hw/AccelDeviceEventNotifier
Event: 75.472 loading class sun/java2d/pipe/hw/AccelDeviceEventNotifier done


Dynamic libraries:
0x00007ff6a60c0000 - 0x00007ff6a60f7000 	C:\Program Files\Java\jre1.8.0_231\bin\javaw.exe
0x00007ffde7290000 - 0x00007ffde747d000 	C:\WINDOWS\SYSTEM32\ntdll.dll
0x00007ffde4ba0000 - 0x00007ffde4c53000 	C:\WINDOWS\System32\KERNEL32.DLL
0x00007ffde3860000 - 0x00007ffde3af3000 	C:\WINDOWS\System32\KERNELBASE.dll
0x00007ffde6850000 - 0x00007ffde68f3000 	C:\WINDOWS\System32\ADVAPI32.dll
0x00007ffde49c0000 - 0x00007ffde4a5e000 	C:\WINDOWS\System32\msvcrt.dll
0x00007ffde64f0000 - 0x00007ffde658e000 	C:\WINDOWS\System32\sechost.dll
0x00007ffde6aa0000 - 0x00007ffde6bc2000 	C:\WINDOWS\System32\RPCRT4.dll
0x00007ffde6900000 - 0x00007ffde6a97000 	C:\WINDOWS\System32\USER32.dll
0x00007ffde3570000 - 0x00007ffde3590000 	C:\WINDOWS\System32\win32u.dll
0x00007ffde6740000 - 0x00007ffde6769000 	C:\WINDOWS\System32\GDI32.dll
0x00007ffde3670000 - 0x00007ffde3809000 	C:\WINDOWS\System32\gdi32full.dll
0x00007ffde34b0000 - 0x00007ffde3550000 	C:\WINDOWS\System32\msvcp_win.dll
0x00007ffde33b0000 - 0x00007ffde34aa000 	C:\WINDOWS\System32\ucrtbase.dll
0x00007ffdc4e10000 - 0x00007ffdc5089000 	C:\WINDOWS\WinSxS\amd64_microsoft.windows.common-controls_6595b64144ccf1df_6.0.17763.1039_none_de701650534c7021\COMCTL32.dll
0x00007ffde4c60000 - 0x00007ffde4f8c000 	C:\WINDOWS\System32\combase.dll
0x00007ffde3ce0000 - 0x00007ffde3d5e000 	C:\WINDOWS\System32\bcryptPrimitives.dll
0x00007ffde4ac0000 - 0x00007ffde4aee000 	C:\WINDOWS\System32\IMM32.DLL
0x000000006aac0000 - 0x000000006ab92000 	C:\Program Files\Java\jre1.8.0_231\bin\msvcr100.dll
0x000000006ac80000 - 0x000000006b526000 	C:\Program Files\Java\jre1.8.0_231\bin\server\jvm.dll
0x00007ffde6840000 - 0x00007ffde6848000 	C:\WINDOWS\System32\PSAPI.DLL
0x00007ffdcd170000 - 0x00007ffdcd179000 	C:\WINDOWS\SYSTEM32\WSOCK32.dll
0x00007ffde6bd0000 - 0x00007ffde6c3d000 	C:\WINDOWS\System32\WS2_32.dll
0x00007ffdd1b90000 - 0x00007ffdd1bb4000 	C:\WINDOWS\SYSTEM32\WINMM.dll
0x00007ffddd480000 - 0x00007ffddd48a000 	C:\WINDOWS\SYSTEM32\VERSION.dll
0x00007ffdd1a50000 - 0x00007ffdd1a7d000 	C:\WINDOWS\SYSTEM32\WINMMBASE.dll
0x00007ffde3810000 - 0x00007ffde385a000 	C:\WINDOWS\System32\cfgmgr32.dll
0x00007ffdccb70000 - 0x00007ffdccb7f000 	C:\Program Files\Java\jre1.8.0_231\bin\verify.dll
0x00007ffdcb7d0000 - 0x00007ffdcb7f9000 	C:\Program Files\Java\jre1.8.0_231\bin\java.dll
0x00007ffdcb7b0000 - 0x00007ffdcb7c6000 	C:\Program Files\Java\jre1.8.0_231\bin\zip.dll
0x00007ffde4f90000 - 0x00007ffde6484000 	C:\WINDOWS\System32\SHELL32.dll
0x00007ffde4af0000 - 0x00007ffde4b98000 	C:\WINDOWS\System32\shcore.dll
0x00007ffde3d60000 - 0x00007ffde44ad000 	C:\WINDOWS\System32\windows.storage.dll
0x00007ffde3320000 - 0x00007ffde3344000 	C:\WINDOWS\System32\profapi.dll
0x00007ffde32a0000 - 0x00007ffde32fd000 	C:\WINDOWS\System32\powrprof.dll
0x00007ffde4a60000 - 0x00007ffde4ab2000 	C:\WINDOWS\System32\shlwapi.dll
0x00007ffde3280000 - 0x00007ffde3291000 	C:\WINDOWS\System32\kernel.appcore.dll
0x00007ffde3550000 - 0x00007ffde3567000 	C:\WINDOWS\System32\cryptsp.dll
0x00007ffdcc8a0000 - 0x00007ffdcca3a000 	C:\Program Files\Java\jre1.8.0_231\bin\awt.dll
0x00007ffde6770000 - 0x00007ffde6834000 	C:\WINDOWS\System32\OLEAUT32.dll
0x00007ffde15c0000 - 0x00007ffde164c000 	C:\WINDOWS\SYSTEM32\apphelp.dll
0x00007ffde1920000 - 0x00007ffde194e000 	C:\WINDOWS\system32\DWMAPI.DLL
0x00007ffde3b00000 - 0x00007ffde3cdc000 	C:\WINDOWS\System32\CRYPT32.dll
0x00007ffde3300000 - 0x00007ffde3312000 	C:\WINDOWS\System32\MSASN1.dll
0x00007ffde1830000 - 0x00007ffde18cc000 	C:\WINDOWS\system32\uxtheme.dll
0x00007ffd9f0d0000 - 0x00007ffd9f1f7000 	C:\WINDOWS\system32\opengl32.dll
0x00007ffdd38b0000 - 0x00007ffdd38dc000 	C:\WINDOWS\SYSTEM32\GLU32.dll
0x00007ffde44b0000 - 0x00007ffde461c000 	C:\WINDOWS\System32\MSCTF.dll
0x00007ffde4750000 - 0x00007ffde48a5000 	C:\WINDOWS\System32\ole32.dll
0x00007ffdddbc0000 - 0x00007ffdddc09000 	C:\Program Files\Java\jre1.8.0_231\bin\fontmanager.dll
0x00007ffdcb790000 - 0x00007ffdcb7aa000 	C:\Program Files\Java\jre1.8.0_231\bin\net.dll
0x00007ffde2a90000 - 0x00007ffde2af7000 	C:\WINDOWS\system32\mswsock.dll
0x00007ffdc2cb0000 - 0x00007ffdc2cc2000 	C:\Program Files\Java\jre1.8.0_231\bin\nio.dll
0x00007ffdddb70000 - 0x00007ffdddbb2000 	C:\Program Files\Java\jre1.8.0_231\bin\t2k.dll
0x00007ffdd18a0000 - 0x00007ffdd1935000 	C:\WINDOWS\System32\TextInputFramework.dll
0x00007ffdd1250000 - 0x00007ffdd1572000 	C:\WINDOWS\System32\CoreUIComponents.dll
0x00007ffde1320000 - 0x00007ffde1402000 	C:\WINDOWS\System32\CoreMessaging.dll
0x00007ffde2320000 - 0x00007ffde2351000 	C:\WINDOWS\SYSTEM32\ntmarta.dll
0x00007ffddf790000 - 0x00007ffddf8e3000 	C:\WINDOWS\SYSTEM32\wintypes.dll
0x00007ffdc5b60000 - 0x00007ffdc5bcc000 	C:\WINDOWS\system32\Oleacc.dll
0x00007ffde2610000 - 0x00007ffde2643000 	C:\WINDOWS\system32\rsaenh.dll
0x00007ffde3590000 - 0x00007ffde35b6000 	C:\WINDOWS\System32\bcrypt.dll
0x00007ffde3180000 - 0x00007ffde31a8000 	C:\WINDOWS\SYSTEM32\USERENV.dll
0x00007ffde2c60000 - 0x00007ffde2c6c000 	C:\WINDOWS\SYSTEM32\CRYPTBASE.dll
0x00007ffde27b0000 - 0x00007ffde27ed000 	C:\WINDOWS\SYSTEM32\IPHLPAPI.DLL
0x00007ffde6d50000 - 0x00007ffde6d58000 	C:\WINDOWS\System32\NSI.dll
0x00007ffdda0d0000 - 0x00007ffdda0e6000 	C:\WINDOWS\SYSTEM32\dhcpcsvc6.DLL
0x00007ffddba70000 - 0x00007ffddba8c000 	C:\WINDOWS\SYSTEM32\dhcpcsvc.DLL
0x00007ffde27f0000 - 0x00007ffde28b6000 	C:\WINDOWS\SYSTEM32\DNSAPI.dll
0x00007ffde1f00000 - 0x00007ffde1f0e000 	C:\WINDOWS\SYSTEM32\hid.dll
0x00007ffde6dc0000 - 0x00007ffde7236000 	C:\WINDOWS\System32\setupapi.dll
0x00007ffde3030000 - 0x00007ffde3059000 	C:\WINDOWS\System32\DEVOBJ.dll
0x00007ffde3350000 - 0x00007ffde33a9000 	C:\WINDOWS\System32\WINTRUST.dll
0x00007ffdd1020000 - 0x00007ffdd11d8000 	C:\WINDOWS\SYSTEM32\WindowsCodecs.dll
0x00007ffdd36b0000 - 0x00007ffdd389d000 	C:\WINDOWS\SYSTEM32\dbghelp.dll

VM Arguments:
jvm_args: -Dfile.encoding=Cp1252 
java_command: Main
java_class_path (initial): C:\Users\balih\eclipse-workspace\1611484_ZigzagRefractor\bin;C:\Users\balih\Downloads\finch.jar
Launcher Type: SUN_STANDARD

Environment Variables:
PATH=C:/Program Files/Java/jre1.8.0_231/bin/server;C:/Program Files/Java/jre1.8.0_231/bin;C:/Program Files/Java/jre1.8.0_231/lib/amd64;C:\Program Files (x86)\Common Files\Oracle\Java\javapath;C:\WINDOWS\system32;C:\WINDOWS;C:\WINDOWS\System32\Wbem;C:\WINDOWS\System32\WindowsPowerShell\v1.0\;C:\WINDOWS\System32\OpenSSH\;C:\Program Files\Java\jdk1.8.0_231\bin;C:\Users\balih\AppData\Local\Microsoft\WindowsApps;;C:\Users\balih\Desktop;
USERNAME=balih
OS=Windows_NT
PROCESSOR_IDENTIFIER=AMD64 Family 23 Model 24 Stepping 1, AuthenticAMD



---------------  S Y S T E M  ---------------

OS: Windows 10.0 , 64 bit Build 17763 (10.0.17763.475)

CPU:total 4 (initial active 4) (4 cores per cpu, 1 threads per core) family 23 model 24 stepping 1, cmov, cx8, fxsr, mmx, sse, sse2, sse3, ssse3, sse4.1, sse4.2, popcnt, avx, avx2, aes, clmul, mmxext, 3dnowpref, lzcnt, sse4a, tsc, tscinvbit, tscinv, bmi1

Memory: 4k page, physical 6203304k(2733752k free), swap 8038312k(2365588k free)

vm_info: Java HotSpot(TM) 64-Bit Server VM (25.231-b11) for windows-amd64 JRE (1.8.0_231-b11), built on Oct  5 2019 03:11:30 by "java_re" with MS VC++ 10.0 (VS2010)

time: Wed Mar 04 08:20:34 2020
timezone: GMT Standard Time
elapsed time: 75 seconds (0d 0h 1m 15s)

